  main.cpp
C:\Users\Галушко Дмитрий\Documents\GitHub\cgLab10\lab10\parser.h(117,30): warning C4267: =: преобразование из "size_t" в "int"; возможна потеря данных
C:\Users\Галушко Дмитрий\Documents\GitHub\cgLab10\lab10\main.cpp(56,52): warning C4244: =: преобразование "double" в "float", возможна потеря данных
C:\Users\Галушко Дмитрий\Documents\GitHub\cgLab10\lab10\main.cpp(57,34): warning C4244: =: преобразование "double" в "float", возможна потеря данных
C:\Users\Галушко Дмитрий\Documents\GitHub\cgLab10\lab10\main.cpp(63,52): warning C4244: =: преобразование "double" в "float", возможна потеря данных
C:\Users\Галушко Дмитрий\Documents\GitHub\cgLab10\lab10\main.cpp(64,34): warning C4244: =: преобразование "double" в "float", возможна потеря данных
C:\Users\Галушко Дмитрий\Documents\GitHub\cgLab10\lab10\main.cpp(96,22): warning C4305: -=: усечение из "double" в "float"
C:\Users\Галушко Дмитрий\Documents\GitHub\cgLab10\lab10\main.cpp(97,24): warning C4305: -=: усечение из "double" в "float"
C:\Users\Галушко Дмитрий\Documents\GitHub\cgLab10\lab10\main.cpp(101,22): warning C4305: +=: усечение из "double" в "float"
C:\Users\Галушко Дмитрий\Documents\GitHub\cgLab10\lab10\main.cpp(102,24): warning C4305: +=: усечение из "double" в "float"
C:\Users\Галушко Дмитрий\Documents\GitHub\cgLab10\lab10\main.cpp(112,23): warning C4305: -=: усечение из "double" в "float"
C:\Users\Галушко Дмитрий\Documents\GitHub\cgLab10\lab10\main.cpp(113,23): warning C4305: -=: усечение из "double" в "float"
C:\Users\Галушко Дмитрий\Documents\GitHub\cgLab10\lab10\main.cpp(114,23): warning C4305: -=: усечение из "double" в "float"
C:\Users\Галушко Дмитрий\Documents\GitHub\cgLab10\lab10\main.cpp(122,28): warning C4305: -=: усечение из "double" в "float"
C:\Users\Галушко Дмитрий\Documents\GitHub\cgLab10\lab10\main.cpp(123,28): warning C4305: -=: усечение из "double" в "float"
C:\Users\Галушко Дмитрий\Documents\GitHub\cgLab10\lab10\main.cpp(124,28): warning C4305: -=: усечение из "double" в "float"
C:\Users\Галушко Дмитрий\Documents\GitHub\cgLab10\lab10\main.cpp(125,29): warning C4305: -=: усечение из "double" в "float"
C:\Users\Галушко Дмитрий\Documents\GitHub\cgLab10\lab10\main.cpp(126,29): warning C4305: -=: усечение из "double" в "float"
C:\Users\Галушко Дмитрий\Documents\GitHub\cgLab10\lab10\main.cpp(127,29): warning C4305: -=: усечение из "double" в "float"
  Создание кода
  48 of 369 functions (13.0%) were compiled, the rest were copied from previous compilation.
    0 functions were new in current compilation
    73 functions had inline decision re-evaluated but remain unchanged
  Создание кода завершено
  lab10.vcxproj -> C:\Users\Галушко Дмитрий\Documents\GitHub\cgLab10\lab10\x64\Release\lab10.exe
